<?xml version="1.0" encoding="UTF-8"?>
<!-- Generated by org.testng.reporters.JUnitReportReporter -->
<testsuite skipped="0" hostname="DESKTOP-L4CV2AV" name="tests.ProfileTest" tests="2" failures="0" timestamp="2021-02-26T23:15:13 CET" time="41.453" errors="0">
  <testcase name="editPrpfileTest" time="22.195" classname="tests.ProfileTest"/>
  <system-out/>
  <testcase name="changeProfileImageTest" time="19.258" classname="tests.ProfileTest"/>
  <system-out/>
</testsuite> <!-- tests.ProfileTest -->
