<?xml version="1.0" encoding="UTF-8"?>
<!-- Generated by org.testng.reporters.JUnitReportReporter -->
<testsuite skipped="0" hostname="DESKTOP-L4CV2AV" name="tests.MealItemTest" tests="3" failures="0" timestamp="2021-02-26T23:15:13 CET" time="63.220" errors="0">
  <testcase name="addMealToChartTest" time="15.776" classname="tests.MealItemTest"/>
  <system-out/>
  <testcase name="addMealToFavorite" time="21.206" classname="tests.MealItemTest"/>
  <system-out/>
  <testcase name="clearCart" time="26.238" classname="tests.MealItemTest"/>
  <system-out/>
</testsuite> <!-- tests.MealItemTest -->
