<?xml version="1.0" encoding="UTF-8"?>
<!-- Generated by org.testng.reporters.JUnitReportReporter -->
<testsuite skipped="0" hostname="DESKTOP-L4CV2AV" name="tests.ProfileTest" tests="2" failures="0" timestamp="2021-02-26T20:50:21 CET" time="46.798" errors="0">
  <testcase name="editPrpfileTest" time="25.785" classname="tests.ProfileTest"/>
  <system-out/>
  <testcase name="changeProfileImageTest" time="21.013" classname="tests.ProfileTest"/>
  <system-out/>
</testsuite> <!-- tests.ProfileTest -->
